<?xml version="1.0" encoding="UTF-8"?>
<!-- Generated by org.testng.reporters.JUnitXMLReporter -->
<testsuite ignored="0" hostname="Suvan" failures="0" tests="2" name="Gmailloginbuild1Test" time="0.082" errors="0" timestamp="2019-12-08T00:33:18 EST">
  <testcase classname="testng.GmailLogin" name="@BeforeClass beforeClass" time="-1.575783198172E9">
    <failure type="org.testng.TestNGException" message="
Parameter &amp;apos;browser&amp;apos; is required by BeforeClass on method beforeClass but has not been marked @Optional or defined
in C:\Users\Suvan\Desktop\selenium\workspace\Selenium_Automation1\Gmailloginbuild1.xml">
      <![CDATA[org.testng.TestNGException: 
Parameter 'browser' is required by BeforeClass on method beforeClass but has not been marked @Optional or defined
in C:\Users\Suvan\Desktop\selenium\workspace\Selenium_Automation1\Gmailloginbuild1.xml
at java.base/java.util.ArrayList.forEach(ArrayList.java:1507)
... Removed 22 stack frames]]>
    </failure>
  </testcase> <!-- @BeforeClass beforeClass -->
  <testcase classname="testng.GmailLogin" name="@AfterClass afterClass" time="-1.575783198221E9">
    <skipped/>
  </testcase> <!-- @AfterClass afterClass -->
  <testcase classname="testng.YahooWeather" name="@BeforeClass beforeClass" time="-1.575783198225E9">
    <failure type="org.testng.TestNGException" message="
Parameter &amp;apos;browser&amp;apos; is required by BeforeClass on method beforeClass but has not been marked @Optional or defined
in C:\Users\Suvan\Desktop\selenium\workspace\Selenium_Automation1\Gmailloginbuild1.xml">
      <![CDATA[org.testng.TestNGException: 
Parameter 'browser' is required by BeforeClass on method beforeClass but has not been marked @Optional or defined
in C:\Users\Suvan\Desktop\selenium\workspace\Selenium_Automation1\Gmailloginbuild1.xml
at java.base/java.util.ArrayList.forEach(ArrayList.java:1507)
... Removed 22 stack frames]]>
    </failure>
  </testcase> <!-- @BeforeClass beforeClass -->
  <testcase classname="testng.YahooWeather" name="@AfterClass afterClass" time="-1.575783198231E9">
    <skipped/>
  </testcase> <!-- @AfterClass afterClass -->
  <testcase classname="testng.GmailLogin" name="f" time="0.0">
    <skipped/>
  </testcase> <!-- f -->
  <testcase classname="testng.YahooWeather" name="f" time="0.0">
    <skipped/>
  </testcase> <!-- f -->
</testsuite> <!-- Gmailloginbuild1Test -->
